<?xml version="1.0" encoding="UTF-8"?>
<testsuite xmlns:xsi="http://www.w3.org/2001/XMLSchema-instance" xsi:noNamespaceSchemaLocation="https://maven.apache.org/surefire/maven-surefire-plugin/xsd/surefire-test-report.xsd" name="com.target.casestudy.myretail.api.SpringBootCassandraApplicationTests" time="10.172" tests="1" errors="0" skipped="0" failures="0">
  <properties>
    <property name="gopherProxySet" value="false"/>
    <property name="awt.toolkit" value="sun.lwawt.macosx.LWCToolkit"/>
    <property name="file.encoding.pkg" value="sun.io"/>
    <property name="java.specification.version" value="1.8"/>
    <property name="sun.cpu.isalist" value=""/>
    <property name="sun.jnu.encoding" value="UTF-8"/>
    <property name="java.class.path" value="/Users/b2013/IdeaProjects/myretailapp/target/test-classes:/Users/b2013/IdeaProjects/myretailapp/target/classes:/Users/b2013/.m2/repository/org/springframework/boot/spring-boot-starter-data-cassandra/2.0.0.RELEASE/spring-boot-starter-data-cassandra-2.0.0.RELEASE.jar:/Users/b2013/.m2/repository/org/springframework/boot/spring-boot-starter/2.0.0.RELEASE/spring-boot-starter-2.0.0.RELEASE.jar:/Users/b2013/.m2/repository/org/springframework/boot/spring-boot/2.0.0.RELEASE/spring-boot-2.0.0.RELEASE.jar:/Users/b2013/.m2/repository/org/springframework/boot/spring-boot-autoconfigure/2.0.0.RELEASE/spring-boot-autoconfigure-2.0.0.RELEASE.jar:/Users/b2013/.m2/repository/org/springframework/boot/spring-boot-starter-logging/2.0.0.RELEASE/spring-boot-starter-logging-2.0.0.RELEASE.jar:/Users/b2013/.m2/repository/org/apache/logging/log4j/log4j-to-slf4j/2.10.0/log4j-to-slf4j-2.10.0.jar:/Users/b2013/.m2/repository/org/apache/logging/log4j/log4j-api/2.10.0/log4j-api-2.10.0.jar:/Users/b2013/.m2/repository/org/slf4j/jul-to-slf4j/1.7.25/jul-to-slf4j-1.7.25.jar:/Users/b2013/.m2/repository/javax/annotation/javax.annotation-api/1.3.2/javax.annotation-api-1.3.2.jar:/Users/b2013/.m2/repository/org/yaml/snakeyaml/1.19/snakeyaml-1.19.jar:/Users/b2013/.m2/repository/org/springframework/spring-tx/5.0.4.RELEASE/spring-tx-5.0.4.RELEASE.jar:/Users/b2013/.m2/repository/org/springframework/spring-beans/5.0.4.RELEASE/spring-beans-5.0.4.RELEASE.jar:/Users/b2013/.m2/repository/org/springframework/data/spring-data-cassandra/2.0.5.RELEASE/spring-data-cassandra-2.0.5.RELEASE.jar:/Users/b2013/.m2/repository/org/springframework/spring-expression/5.0.4.RELEASE/spring-expression-5.0.4.RELEASE.jar:/Users/b2013/.m2/repository/org/springframework/data/spring-data-commons/2.0.5.RELEASE/spring-data-commons-2.0.5.RELEASE.jar:/Users/b2013/.m2/repository/com/datastax/cassandra/cassandra-driver-core/3.4.0/cassandra-driver-core-3.4.0.jar:/Users/b2013/.m2/repository/com/github/jnr/jnr-ffi/2.0.7/jnr-ffi-2.0.7.jar:/Users/b2013/.m2/repository/com/github/jnr/jffi/1.2.10/jffi-1.2.10.jar:/Users/b2013/.m2/repository/com/github/jnr/jffi/1.2.10/jffi-1.2.10-native.jar:/Users/b2013/.m2/repository/org/ow2/asm/asm/5.0.3/asm-5.0.3.jar:/Users/b2013/.m2/repository/org/ow2/asm/asm-commons/5.0.3/asm-commons-5.0.3.jar:/Users/b2013/.m2/repository/org/ow2/asm/asm-analysis/5.0.3/asm-analysis-5.0.3.jar:/Users/b2013/.m2/repository/org/ow2/asm/asm-tree/5.0.3/asm-tree-5.0.3.jar:/Users/b2013/.m2/repository/org/ow2/asm/asm-util/5.0.3/asm-util-5.0.3.jar:/Users/b2013/.m2/repository/com/github/jnr/jnr-x86asm/1.0.2/jnr-x86asm-1.0.2.jar:/Users/b2013/.m2/repository/com/github/jnr/jnr-posix/3.0.27/jnr-posix-3.0.27.jar:/Users/b2013/.m2/repository/com/github/jnr/jnr-constants/0.9.0/jnr-constants-0.9.0.jar:/Users/b2013/.m2/repository/org/springframework/boot/spring-boot-starter-web/2.0.0.RELEASE/spring-boot-starter-web-2.0.0.RELEASE.jar:/Users/b2013/.m2/repository/org/springframework/boot/spring-boot-starter-json/2.0.0.RELEASE/spring-boot-starter-json-2.0.0.RELEASE.jar:/Users/b2013/.m2/repository/com/fasterxml/jackson/core/jackson-databind/2.9.4/jackson-databind-2.9.4.jar:/Users/b2013/.m2/repository/com/fasterxml/jackson/core/jackson-annotations/2.9.0/jackson-annotations-2.9.0.jar:/Users/b2013/.m2/repository/com/fasterxml/jackson/core/jackson-core/2.9.4/jackson-core-2.9.4.jar:/Users/b2013/.m2/repository/com/fasterxml/jackson/datatype/jackson-datatype-jdk8/2.9.4/jackson-datatype-jdk8-2.9.4.jar:/Users/b2013/.m2/repository/com/fasterxml/jackson/datatype/jackson-datatype-jsr310/2.9.4/jackson-datatype-jsr310-2.9.4.jar:/Users/b2013/.m2/repository/com/fasterxml/jackson/module/jackson-module-parameter-names/2.9.4/jackson-module-parameter-names-2.9.4.jar:/Users/b2013/.m2/repository/org/springframework/boot/spring-boot-starter-tomcat/2.0.0.RELEASE/spring-boot-starter-tomcat-2.0.0.RELEASE.jar:/Users/b2013/.m2/repository/org/apache/tomcat/embed/tomcat-embed-core/8.5.28/tomcat-embed-core-8.5.28.jar:/Users/b2013/.m2/repository/org/apache/tomcat/embed/tomcat-embed-el/8.5.28/tomcat-embed-el-8.5.28.jar:/Users/b2013/.m2/repository/org/apache/tomcat/embed/tomcat-embed-websocket/8.5.28/tomcat-embed-websocket-8.5.28.jar:/Users/b2013/.m2/repository/org/hibernate/validator/hibernate-validator/6.0.7.Final/hibernate-validator-6.0.7.Final.jar:/Users/b2013/.m2/repository/javax/validation/validation-api/2.0.1.Final/validation-api-2.0.1.Final.jar:/Users/b2013/.m2/repository/org/jboss/logging/jboss-logging/3.3.2.Final/jboss-logging-3.3.2.Final.jar:/Users/b2013/.m2/repository/com/fasterxml/classmate/1.3.4/classmate-1.3.4.jar:/Users/b2013/.m2/repository/org/springframework/spring-web/5.0.4.RELEASE/spring-web-5.0.4.RELEASE.jar:/Users/b2013/.m2/repository/org/springframework/spring-webmvc/5.0.4.RELEASE/spring-webmvc-5.0.4.RELEASE.jar:/Users/b2013/.m2/repository/org/springframework/spring-aop/5.0.4.RELEASE/spring-aop-5.0.4.RELEASE.jar:/Users/b2013/.m2/repository/org/springframework/boot/spring-boot-starter-test/2.0.0.RELEASE/spring-boot-starter-test-2.0.0.RELEASE.jar:/Users/b2013/.m2/repository/org/springframework/boot/spring-boot-test/2.0.0.RELEASE/spring-boot-test-2.0.0.RELEASE.jar:/Users/b2013/.m2/repository/org/springframework/boot/spring-boot-test-autoconfigure/2.0.0.RELEASE/spring-boot-test-autoconfigure-2.0.0.RELEASE.jar:/Users/b2013/.m2/repository/com/jayway/jsonpath/json-path/2.4.0/json-path-2.4.0.jar:/Users/b2013/.m2/repository/net/minidev/json-smart/2.3/json-smart-2.3.jar:/Users/b2013/.m2/repository/net/minidev/accessors-smart/1.2/accessors-smart-1.2.jar:/Users/b2013/.m2/repository/junit/junit/4.12/junit-4.12.jar:/Users/b2013/.m2/repository/org/assertj/assertj-core/3.9.1/assertj-core-3.9.1.jar:/Users/b2013/.m2/repository/org/mockito/mockito-core/2.15.0/mockito-core-2.15.0.jar:/Users/b2013/.m2/repository/net/bytebuddy/byte-buddy/1.7.10/byte-buddy-1.7.10.jar:/Users/b2013/.m2/repository/net/bytebuddy/byte-buddy-agent/1.7.10/byte-buddy-agent-1.7.10.jar:/Users/b2013/.m2/repository/org/objenesis/objenesis/2.6/objenesis-2.6.jar:/Users/b2013/.m2/repository/org/hamcrest/hamcrest-core/1.3/hamcrest-core-1.3.jar:/Users/b2013/.m2/repository/org/hamcrest/hamcrest-library/1.3/hamcrest-library-1.3.jar:/Users/b2013/.m2/repository/org/skyscreamer/jsonassert/1.5.0/jsonassert-1.5.0.jar:/Users/b2013/.m2/repository/com/vaadin/external/google/android-json/0.0.20131108.vaadin1/android-json-0.0.20131108.vaadin1.jar:/Users/b2013/.m2/repository/org/springframework/spring-core/5.0.4.RELEASE/spring-core-5.0.4.RELEASE.jar:/Users/b2013/.m2/repository/org/springframework/spring-jcl/5.0.4.RELEASE/spring-jcl-5.0.4.RELEASE.jar:/Users/b2013/.m2/repository/org/springframework/spring-test/5.0.4.RELEASE/spring-test-5.0.4.RELEASE.jar:/Users/b2013/.m2/repository/org/xmlunit/xmlunit-core/2.5.1/xmlunit-core-2.5.1.jar:/Users/b2013/.m2/repository/org/cassandraunit/cassandra-unit/3.3.0.2/cassandra-unit-3.3.0.2.jar:/Users/b2013/.m2/repository/org/apache/cassandra/cassandra-all/3.11.0/cassandra-all-3.11.0.jar:/Users/b2013/.m2/repository/org/xerial/snappy/snappy-java/1.1.1.7/snappy-java-1.1.1.7.jar:/Users/b2013/.m2/repository/net/jpountz/lz4/lz4/1.3.0/lz4-1.3.0.jar:/Users/b2013/.m2/repository/com/ning/compress-lzf/0.8.4/compress-lzf-0.8.4.jar:/Users/b2013/.m2/repository/commons-cli/commons-cli/1.1/commons-cli-1.1.jar:/Users/b2013/.m2/repository/commons-codec/commons-codec/1.11/commons-codec-1.11.jar:/Users/b2013/.m2/repository/org/apache/commons/commons-math3/3.2/commons-math3-3.2.jar:/Users/b2013/.m2/repository/com/googlecode/concurrentlinkedhashmap/concurrentlinkedhashmap-lru/1.4/concurrentlinkedhashmap-lru-1.4.jar:/Users/b2013/.m2/repository/org/antlr/antlr/3.5.2/antlr-3.5.2.jar:/Users/b2013/.m2/repository/org/antlr/ST4/4.0.8/ST4-4.0.8.jar:/Users/b2013/.m2/repository/org/antlr/antlr-runtime/3.5.2/antlr-runtime-3.5.2.jar:/Users/b2013/.m2/repository/org/slf4j/jcl-over-slf4j/1.7.25/jcl-over-slf4j-1.7.25.jar:/Users/b2013/.m2/repository/org/codehaus/jackson/jackson-core-asl/1.9.2/jackson-core-asl-1.9.2.jar:/Users/b2013/.m2/repository/org/codehaus/jackson/jackson-mapper-asl/1.9.2/jackson-mapper-asl-1.9.2.jar:/Users/b2013/.m2/repository/com/googlecode/json-simple/json-simple/1.1.1/json-simple-1.1.1.jar:/Users/b2013/.m2/repository/com/boundary/high-scale-lib/1.0.6/high-scale-lib-1.0.6.jar:/Users/b2013/.m2/repository/org/mindrot/jbcrypt/0.3m/jbcrypt-0.3m.jar:/Users/b2013/.m2/repository/io/dropwizard/metrics/metrics-core/3.2.6/metrics-core-3.2.6.jar:/Users/b2013/.m2/repository/io/dropwizard/metrics/metrics-jvm/3.2.6/metrics-jvm-3.2.6.jar:/Users/b2013/.m2/repository/com/addthis/metrics/reporter-config3/3.0.3/reporter-config3-3.0.3.jar:/Users/b2013/.m2/repository/com/addthis/metrics/reporter-config-base/3.0.3/reporter-config-base-3.0.3.jar:/Users/b2013/.m2/repository/com/thinkaurelius/thrift/thrift-server/0.3.7/thrift-server-0.3.7.jar:/Users/b2013/.m2/repository/com/lmax/disruptor/3.0.1/disruptor-3.0.1.jar:/Users/b2013/.m2/repository/com/clearspring/analytics/stream/2.5.2/stream-2.5.2.jar:/Users/b2013/.m2/repository/it/unimi/dsi/fastutil/6.5.7/fastutil-6.5.7.jar:/Users/b2013/.m2/repository/ch/qos/logback/logback-core/1.2.3/logback-core-1.2.3.jar:/Users/b2013/.m2/repository/ch/qos/logback/logback-classic/1.2.3/logback-classic-1.2.3.jar:/Users/b2013/.m2/repository/org/apache/cassandra/cassandra-thrift/3.11.0/cassandra-thrift-3.11.0.jar:/Users/b2013/.m2/repository/com/carrotsearch/hppc/0.5.4/hppc-0.5.4.jar:/Users/b2013/.m2/repository/de/jflex/jflex/1.6.0/jflex-1.6.0.jar:/Users/b2013/.m2/repository/org/apache/ant/ant/1.7.0/ant-1.7.0.jar:/Users/b2013/.m2/repository/org/apache/ant/ant-launcher/1.7.0/ant-launcher-1.7.0.jar:/Users/b2013/.m2/repository/com/github/rholder/snowball-stemmer/1.3.0.581.1/snowball-stemmer-1.3.0.581.1.jar:/Users/b2013/.m2/repository/com/googlecode/concurrent-trees/concurrent-trees/2.4.0/concurrent-trees-2.4.0.jar:/Users/b2013/.m2/repository/com/github/jbellis/jamm/0.3.0/jamm-0.3.0.jar:/Users/b2013/.m2/repository/joda-time/joda-time/2.9.9/joda-time-2.9.9.jar:/Users/b2013/.m2/repository/org/fusesource/sigar/1.6.4/sigar-1.6.4.jar:/Users/b2013/.m2/repository/org/eclipse/jdt/core/compiler/ecj/4.4.2/ecj-4.4.2.jar:/Users/b2013/.m2/repository/org/caffinitas/ohc/ohc-core/0.4.4/ohc-core-0.4.4.jar:/Users/b2013/.m2/repository/com/github/ben-manes/caffeine/caffeine/2.6.2/caffeine-2.6.2.jar:/Users/b2013/.m2/repository/org/jctools/jctools-core/1.2.1/jctools-core-1.2.1.jar:/Users/b2013/.m2/repository/com/google/guava/guava/21.0/guava-21.0.jar:/Users/b2013/.m2/repository/org/apache/commons/commons-lang3/3.7/commons-lang3-3.7.jar:/Users/b2013/.m2/repository/io/netty/netty-handler/4.1.22.Final/netty-handler-4.1.22.Final.jar:/Users/b2013/.m2/repository/io/netty/netty-buffer/4.1.22.Final/netty-buffer-4.1.22.Final.jar:/Users/b2013/.m2/repository/io/netty/netty-common/4.1.22.Final/netty-common-4.1.22.Final.jar:/Users/b2013/.m2/repository/io/netty/netty-transport/4.1.22.Final/netty-transport-4.1.22.Final.jar:/Users/b2013/.m2/repository/io/netty/netty-resolver/4.1.22.Final/netty-resolver-4.1.22.Final.jar:/Users/b2013/.m2/repository/io/netty/netty-codec/4.1.22.Final/netty-codec-4.1.22.Final.jar:/Users/b2013/.m2/repository/org/apache/thrift/libthrift/0.9.2/libthrift-0.9.2.jar:/Users/b2013/.m2/repository/org/apache/httpcomponents/httpclient/4.5.5/httpclient-4.5.5.jar:/Users/b2013/.m2/repository/org/apache/httpcomponents/httpcore/4.4.9/httpcore-4.4.9.jar:/Users/b2013/.m2/repository/net/java/dev/jna/jna/4.5.1/jna-4.5.1.jar:/Users/b2013/.m2/repository/org/slf4j/slf4j-api/1.7.25/slf4j-api-1.7.25.jar:/Users/b2013/.m2/repository/org/cassandraunit/cassandra-unit-spring/3.3.0.2/cassandra-unit-spring-3.3.0.2.jar:/Users/b2013/.m2/repository/org/springframework/spring-context/5.0.4.RELEASE/spring-context-5.0.4.RELEASE.jar:/Users/b2013/.m2/repository/io/micrometer/micrometer-core/1.3.3/micrometer-core-1.3.3.jar:/Users/b2013/.m2/repository/org/hdrhistogram/HdrHistogram/2.1.11/HdrHistogram-2.1.11.jar:/Users/b2013/.m2/repository/org/latencyutils/LatencyUtils/2.0.3/LatencyUtils-2.0.3.jar:"/>
    <property name="java.vm.vendor" value="Oracle Corporation"/>
    <property name="sun.arch.data.model" value="64"/>
    <property name="java.vendor.url" value="http://java.oracle.com/"/>
    <property name="user.timezone" value="America/Chicago"/>
    <property name="java.vm.specification.version" value="1.8"/>
    <property name="os.name" value="Mac OS X"/>
    <property name="user.country" value="US"/>
    <property name="sun.java.launcher" value="SUN_STANDARD"/>
    <property name="sun.boot.library.path" value="/Library/Java/JavaVirtualMachines/jdk1.8.0_31.jdk/Contents/Home/jre/lib"/>
    <property name="sun.java.command" value="/Users/b2013/IdeaProjects/myretailapp/target/surefire/surefirebooter5517140805712141261.jar /Users/b2013/IdeaProjects/myretailapp/target/surefire 2020-01-29T19-20-21_925-jvmRun1 surefire7119810030547981726tmp surefire_01334272493351746024tmp"/>
    <property name="surefire.test.class.path" value="/Users/b2013/IdeaProjects/myretailapp/target/test-classes:/Users/b2013/IdeaProjects/myretailapp/target/classes:/Users/b2013/.m2/repository/org/springframework/boot/spring-boot-starter-data-cassandra/2.0.0.RELEASE/spring-boot-starter-data-cassandra-2.0.0.RELEASE.jar:/Users/b2013/.m2/repository/org/springframework/boot/spring-boot-starter/2.0.0.RELEASE/spring-boot-starter-2.0.0.RELEASE.jar:/Users/b2013/.m2/repository/org/springframework/boot/spring-boot/2.0.0.RELEASE/spring-boot-2.0.0.RELEASE.jar:/Users/b2013/.m2/repository/org/springframework/boot/spring-boot-autoconfigure/2.0.0.RELEASE/spring-boot-autoconfigure-2.0.0.RELEASE.jar:/Users/b2013/.m2/repository/org/springframework/boot/spring-boot-starter-logging/2.0.0.RELEASE/spring-boot-starter-logging-2.0.0.RELEASE.jar:/Users/b2013/.m2/repository/org/apache/logging/log4j/log4j-to-slf4j/2.10.0/log4j-to-slf4j-2.10.0.jar:/Users/b2013/.m2/repository/org/apache/logging/log4j/log4j-api/2.10.0/log4j-api-2.10.0.jar:/Users/b2013/.m2/repository/org/slf4j/jul-to-slf4j/1.7.25/jul-to-slf4j-1.7.25.jar:/Users/b2013/.m2/repository/javax/annotation/javax.annotation-api/1.3.2/javax.annotation-api-1.3.2.jar:/Users/b2013/.m2/repository/org/yaml/snakeyaml/1.19/snakeyaml-1.19.jar:/Users/b2013/.m2/repository/org/springframework/spring-tx/5.0.4.RELEASE/spring-tx-5.0.4.RELEASE.jar:/Users/b2013/.m2/repository/org/springframework/spring-beans/5.0.4.RELEASE/spring-beans-5.0.4.RELEASE.jar:/Users/b2013/.m2/repository/org/springframework/data/spring-data-cassandra/2.0.5.RELEASE/spring-data-cassandra-2.0.5.RELEASE.jar:/Users/b2013/.m2/repository/org/springframework/spring-expression/5.0.4.RELEASE/spring-expression-5.0.4.RELEASE.jar:/Users/b2013/.m2/repository/org/springframework/data/spring-data-commons/2.0.5.RELEASE/spring-data-commons-2.0.5.RELEASE.jar:/Users/b2013/.m2/repository/com/datastax/cassandra/cassandra-driver-core/3.4.0/cassandra-driver-core-3.4.0.jar:/Users/b2013/.m2/repository/com/github/jnr/jnr-ffi/2.0.7/jnr-ffi-2.0.7.jar:/Users/b2013/.m2/repository/com/github/jnr/jffi/1.2.10/jffi-1.2.10.jar:/Users/b2013/.m2/repository/com/github/jnr/jffi/1.2.10/jffi-1.2.10-native.jar:/Users/b2013/.m2/repository/org/ow2/asm/asm/5.0.3/asm-5.0.3.jar:/Users/b2013/.m2/repository/org/ow2/asm/asm-commons/5.0.3/asm-commons-5.0.3.jar:/Users/b2013/.m2/repository/org/ow2/asm/asm-analysis/5.0.3/asm-analysis-5.0.3.jar:/Users/b2013/.m2/repository/org/ow2/asm/asm-tree/5.0.3/asm-tree-5.0.3.jar:/Users/b2013/.m2/repository/org/ow2/asm/asm-util/5.0.3/asm-util-5.0.3.jar:/Users/b2013/.m2/repository/com/github/jnr/jnr-x86asm/1.0.2/jnr-x86asm-1.0.2.jar:/Users/b2013/.m2/repository/com/github/jnr/jnr-posix/3.0.27/jnr-posix-3.0.27.jar:/Users/b2013/.m2/repository/com/github/jnr/jnr-constants/0.9.0/jnr-constants-0.9.0.jar:/Users/b2013/.m2/repository/org/springframework/boot/spring-boot-starter-web/2.0.0.RELEASE/spring-boot-starter-web-2.0.0.RELEASE.jar:/Users/b2013/.m2/repository/org/springframework/boot/spring-boot-starter-json/2.0.0.RELEASE/spring-boot-starter-json-2.0.0.RELEASE.jar:/Users/b2013/.m2/repository/com/fasterxml/jackson/core/jackson-databind/2.9.4/jackson-databind-2.9.4.jar:/Users/b2013/.m2/repository/com/fasterxml/jackson/core/jackson-annotations/2.9.0/jackson-annotations-2.9.0.jar:/Users/b2013/.m2/repository/com/fasterxml/jackson/core/jackson-core/2.9.4/jackson-core-2.9.4.jar:/Users/b2013/.m2/repository/com/fasterxml/jackson/datatype/jackson-datatype-jdk8/2.9.4/jackson-datatype-jdk8-2.9.4.jar:/Users/b2013/.m2/repository/com/fasterxml/jackson/datatype/jackson-datatype-jsr310/2.9.4/jackson-datatype-jsr310-2.9.4.jar:/Users/b2013/.m2/repository/com/fasterxml/jackson/module/jackson-module-parameter-names/2.9.4/jackson-module-parameter-names-2.9.4.jar:/Users/b2013/.m2/repository/org/springframework/boot/spring-boot-starter-tomcat/2.0.0.RELEASE/spring-boot-starter-tomcat-2.0.0.RELEASE.jar:/Users/b2013/.m2/repository/org/apache/tomcat/embed/tomcat-embed-core/8.5.28/tomcat-embed-core-8.5.28.jar:/Users/b2013/.m2/repository/org/apache/tomcat/embed/tomcat-embed-el/8.5.28/tomcat-embed-el-8.5.28.jar:/Users/b2013/.m2/repository/org/apache/tomcat/embed/tomcat-embed-websocket/8.5.28/tomcat-embed-websocket-8.5.28.jar:/Users/b2013/.m2/repository/org/hibernate/validator/hibernate-validator/6.0.7.Final/hibernate-validator-6.0.7.Final.jar:/Users/b2013/.m2/repository/javax/validation/validation-api/2.0.1.Final/validation-api-2.0.1.Final.jar:/Users/b2013/.m2/repository/org/jboss/logging/jboss-logging/3.3.2.Final/jboss-logging-3.3.2.Final.jar:/Users/b2013/.m2/repository/com/fasterxml/classmate/1.3.4/classmate-1.3.4.jar:/Users/b2013/.m2/repository/org/springframework/spring-web/5.0.4.RELEASE/spring-web-5.0.4.RELEASE.jar:/Users/b2013/.m2/repository/org/springframework/spring-webmvc/5.0.4.RELEASE/spring-webmvc-5.0.4.RELEASE.jar:/Users/b2013/.m2/repository/org/springframework/spring-aop/5.0.4.RELEASE/spring-aop-5.0.4.RELEASE.jar:/Users/b2013/.m2/repository/org/springframework/boot/spring-boot-starter-test/2.0.0.RELEASE/spring-boot-starter-test-2.0.0.RELEASE.jar:/Users/b2013/.m2/repository/org/springframework/boot/spring-boot-test/2.0.0.RELEASE/spring-boot-test-2.0.0.RELEASE.jar:/Users/b2013/.m2/repository/org/springframework/boot/spring-boot-test-autoconfigure/2.0.0.RELEASE/spring-boot-test-autoconfigure-2.0.0.RELEASE.jar:/Users/b2013/.m2/repository/com/jayway/jsonpath/json-path/2.4.0/json-path-2.4.0.jar:/Users/b2013/.m2/repository/net/minidev/json-smart/2.3/json-smart-2.3.jar:/Users/b2013/.m2/repository/net/minidev/accessors-smart/1.2/accessors-smart-1.2.jar:/Users/b2013/.m2/repository/junit/junit/4.12/junit-4.12.jar:/Users/b2013/.m2/repository/org/assertj/assertj-core/3.9.1/assertj-core-3.9.1.jar:/Users/b2013/.m2/repository/org/mockito/mockito-core/2.15.0/mockito-core-2.15.0.jar:/Users/b2013/.m2/repository/net/bytebuddy/byte-buddy/1.7.10/byte-buddy-1.7.10.jar:/Users/b2013/.m2/repository/net/bytebuddy/byte-buddy-agent/1.7.10/byte-buddy-agent-1.7.10.jar:/Users/b2013/.m2/repository/org/objenesis/objenesis/2.6/objenesis-2.6.jar:/Users/b2013/.m2/repository/org/hamcrest/hamcrest-core/1.3/hamcrest-core-1.3.jar:/Users/b2013/.m2/repository/org/hamcrest/hamcrest-library/1.3/hamcrest-library-1.3.jar:/Users/b2013/.m2/repository/org/skyscreamer/jsonassert/1.5.0/jsonassert-1.5.0.jar:/Users/b2013/.m2/repository/com/vaadin/external/google/android-json/0.0.20131108.vaadin1/android-json-0.0.20131108.vaadin1.jar:/Users/b2013/.m2/repository/org/springframework/spring-core/5.0.4.RELEASE/spring-core-5.0.4.RELEASE.jar:/Users/b2013/.m2/repository/org/springframework/spring-jcl/5.0.4.RELEASE/spring-jcl-5.0.4.RELEASE.jar:/Users/b2013/.m2/repository/org/springframework/spring-test/5.0.4.RELEASE/spring-test-5.0.4.RELEASE.jar:/Users/b2013/.m2/repository/org/xmlunit/xmlunit-core/2.5.1/xmlunit-core-2.5.1.jar:/Users/b2013/.m2/repository/org/cassandraunit/cassandra-unit/3.3.0.2/cassandra-unit-3.3.0.2.jar:/Users/b2013/.m2/repository/org/apache/cassandra/cassandra-all/3.11.0/cassandra-all-3.11.0.jar:/Users/b2013/.m2/repository/org/xerial/snappy/snappy-java/1.1.1.7/snappy-java-1.1.1.7.jar:/Users/b2013/.m2/repository/net/jpountz/lz4/lz4/1.3.0/lz4-1.3.0.jar:/Users/b2013/.m2/repository/com/ning/compress-lzf/0.8.4/compress-lzf-0.8.4.jar:/Users/b2013/.m2/repository/commons-cli/commons-cli/1.1/commons-cli-1.1.jar:/Users/b2013/.m2/repository/commons-codec/commons-codec/1.11/commons-codec-1.11.jar:/Users/b2013/.m2/repository/org/apache/commons/commons-math3/3.2/commons-math3-3.2.jar:/Users/b2013/.m2/repository/com/googlecode/concurrentlinkedhashmap/concurrentlinkedhashmap-lru/1.4/concurrentlinkedhashmap-lru-1.4.jar:/Users/b2013/.m2/repository/org/antlr/antlr/3.5.2/antlr-3.5.2.jar:/Users/b2013/.m2/repository/org/antlr/ST4/4.0.8/ST4-4.0.8.jar:/Users/b2013/.m2/repository/org/antlr/antlr-runtime/3.5.2/antlr-runtime-3.5.2.jar:/Users/b2013/.m2/repository/org/slf4j/jcl-over-slf4j/1.7.25/jcl-over-slf4j-1.7.25.jar:/Users/b2013/.m2/repository/org/codehaus/jackson/jackson-core-asl/1.9.2/jackson-core-asl-1.9.2.jar:/Users/b2013/.m2/repository/org/codehaus/jackson/jackson-mapper-asl/1.9.2/jackson-mapper-asl-1.9.2.jar:/Users/b2013/.m2/repository/com/googlecode/json-simple/json-simple/1.1.1/json-simple-1.1.1.jar:/Users/b2013/.m2/repository/com/boundary/high-scale-lib/1.0.6/high-scale-lib-1.0.6.jar:/Users/b2013/.m2/repository/org/mindrot/jbcrypt/0.3m/jbcrypt-0.3m.jar:/Users/b2013/.m2/repository/io/dropwizard/metrics/metrics-core/3.2.6/metrics-core-3.2.6.jar:/Users/b2013/.m2/repository/io/dropwizard/metrics/metrics-jvm/3.2.6/metrics-jvm-3.2.6.jar:/Users/b2013/.m2/repository/com/addthis/metrics/reporter-config3/3.0.3/reporter-config3-3.0.3.jar:/Users/b2013/.m2/repository/com/addthis/metrics/reporter-config-base/3.0.3/reporter-config-base-3.0.3.jar:/Users/b2013/.m2/repository/com/thinkaurelius/thrift/thrift-server/0.3.7/thrift-server-0.3.7.jar:/Users/b2013/.m2/repository/com/lmax/disruptor/3.0.1/disruptor-3.0.1.jar:/Users/b2013/.m2/repository/com/clearspring/analytics/stream/2.5.2/stream-2.5.2.jar:/Users/b2013/.m2/repository/it/unimi/dsi/fastutil/6.5.7/fastutil-6.5.7.jar:/Users/b2013/.m2/repository/ch/qos/logback/logback-core/1.2.3/logback-core-1.2.3.jar:/Users/b2013/.m2/repository/ch/qos/logback/logback-classic/1.2.3/logback-classic-1.2.3.jar:/Users/b2013/.m2/repository/org/apache/cassandra/cassandra-thrift/3.11.0/cassandra-thrift-3.11.0.jar:/Users/b2013/.m2/repository/com/carrotsearch/hppc/0.5.4/hppc-0.5.4.jar:/Users/b2013/.m2/repository/de/jflex/jflex/1.6.0/jflex-1.6.0.jar:/Users/b2013/.m2/repository/org/apache/ant/ant/1.7.0/ant-1.7.0.jar:/Users/b2013/.m2/repository/org/apache/ant/ant-launcher/1.7.0/ant-launcher-1.7.0.jar:/Users/b2013/.m2/repository/com/github/rholder/snowball-stemmer/1.3.0.581.1/snowball-stemmer-1.3.0.581.1.jar:/Users/b2013/.m2/repository/com/googlecode/concurrent-trees/concurrent-trees/2.4.0/concurrent-trees-2.4.0.jar:/Users/b2013/.m2/repository/com/github/jbellis/jamm/0.3.0/jamm-0.3.0.jar:/Users/b2013/.m2/repository/joda-time/joda-time/2.9.9/joda-time-2.9.9.jar:/Users/b2013/.m2/repository/org/fusesource/sigar/1.6.4/sigar-1.6.4.jar:/Users/b2013/.m2/repository/org/eclipse/jdt/core/compiler/ecj/4.4.2/ecj-4.4.2.jar:/Users/b2013/.m2/repository/org/caffinitas/ohc/ohc-core/0.4.4/ohc-core-0.4.4.jar:/Users/b2013/.m2/repository/com/github/ben-manes/caffeine/caffeine/2.6.2/caffeine-2.6.2.jar:/Users/b2013/.m2/repository/org/jctools/jctools-core/1.2.1/jctools-core-1.2.1.jar:/Users/b2013/.m2/repository/com/google/guava/guava/21.0/guava-21.0.jar:/Users/b2013/.m2/repository/org/apache/commons/commons-lang3/3.7/commons-lang3-3.7.jar:/Users/b2013/.m2/repository/io/netty/netty-handler/4.1.22.Final/netty-handler-4.1.22.Final.jar:/Users/b2013/.m2/repository/io/netty/netty-buffer/4.1.22.Final/netty-buffer-4.1.22.Final.jar:/Users/b2013/.m2/repository/io/netty/netty-common/4.1.22.Final/netty-common-4.1.22.Final.jar:/Users/b2013/.m2/repository/io/netty/netty-transport/4.1.22.Final/netty-transport-4.1.22.Final.jar:/Users/b2013/.m2/repository/io/netty/netty-resolver/4.1.22.Final/netty-resolver-4.1.22.Final.jar:/Users/b2013/.m2/repository/io/netty/netty-codec/4.1.22.Final/netty-codec-4.1.22.Final.jar:/Users/b2013/.m2/repository/org/apache/thrift/libthrift/0.9.2/libthrift-0.9.2.jar:/Users/b2013/.m2/repository/org/apache/httpcomponents/httpclient/4.5.5/httpclient-4.5.5.jar:/Users/b2013/.m2/repository/org/apache/httpcomponents/httpcore/4.4.9/httpcore-4.4.9.jar:/Users/b2013/.m2/repository/net/java/dev/jna/jna/4.5.1/jna-4.5.1.jar:/Users/b2013/.m2/repository/org/slf4j/slf4j-api/1.7.25/slf4j-api-1.7.25.jar:/Users/b2013/.m2/repository/org/cassandraunit/cassandra-unit-spring/3.3.0.2/cassandra-unit-spring-3.3.0.2.jar:/Users/b2013/.m2/repository/org/springframework/spring-context/5.0.4.RELEASE/spring-context-5.0.4.RELEASE.jar:/Users/b2013/.m2/repository/io/micrometer/micrometer-core/1.3.3/micrometer-core-1.3.3.jar:/Users/b2013/.m2/repository/org/hdrhistogram/HdrHistogram/2.1.11/HdrHistogram-2.1.11.jar:/Users/b2013/.m2/repository/org/latencyutils/LatencyUtils/2.0.3/LatencyUtils-2.0.3.jar:"/>
    <property name="sun.cpu.endian" value="little"/>
    <property name="user.home" value="/Users/b2013"/>
    <property name="user.language" value="en"/>
    <property name="java.specification.vendor" value="Oracle Corporation"/>
    <property name="java.home" value="/Library/Java/JavaVirtualMachines/jdk1.8.0_31.jdk/Contents/Home/jre"/>
    <property name="basedir" value="/Users/b2013/IdeaProjects/myretailapp"/>
    <property name="file.separator" value="/"/>
    <property name="line.separator" value="&#10;"/>
    <property name="java.vm.specification.vendor" value="Oracle Corporation"/>
    <property name="java.specification.name" value="Java Platform API Specification"/>
    <property name="java.awt.graphicsenv" value="sun.awt.CGraphicsEnvironment"/>
    <property name="surefire.real.class.path" value="/Users/b2013/IdeaProjects/myretailapp/target/surefire/surefirebooter5517140805712141261.jar"/>
    <property name="sun.boot.class.path" value="/Library/Java/JavaVirtualMachines/jdk1.8.0_31.jdk/Contents/Home/jre/lib/resources.jar:/Library/Java/JavaVirtualMachines/jdk1.8.0_31.jdk/Contents/Home/jre/lib/rt.jar:/Library/Java/JavaVirtualMachines/jdk1.8.0_31.jdk/Contents/Home/jre/lib/sunrsasign.jar:/Library/Java/JavaVirtualMachines/jdk1.8.0_31.jdk/Contents/Home/jre/lib/jsse.jar:/Library/Java/JavaVirtualMachines/jdk1.8.0_31.jdk/Contents/Home/jre/lib/jce.jar:/Library/Java/JavaVirtualMachines/jdk1.8.0_31.jdk/Contents/Home/jre/lib/charsets.jar:/Library/Java/JavaVirtualMachines/jdk1.8.0_31.jdk/Contents/Home/jre/lib/jfr.jar:/Library/Java/JavaVirtualMachines/jdk1.8.0_31.jdk/Contents/Home/jre/classes"/>
    <property name="sun.management.compiler" value="HotSpot 64-Bit Tiered Compilers"/>
    <property name="java.runtime.version" value="1.8.0_31-b13"/>
    <property name="user.name" value="b2013"/>
    <property name="path.separator" value=":"/>
    <property name="os.version" value="10.13.6"/>
    <property name="java.endorsed.dirs" value="/Library/Java/JavaVirtualMachines/jdk1.8.0_31.jdk/Contents/Home/jre/lib/endorsed"/>
    <property name="java.runtime.name" value="Java(TM) SE Runtime Environment"/>
    <property name="file.encoding" value="UTF-8"/>
    <property name="java.vm.name" value="Java HotSpot(TM) 64-Bit Server VM"/>
    <property name="localRepository" value="/Users/b2013/.m2/repository"/>
    <property name="java.vendor.url.bug" value="http://bugreport.sun.com/bugreport/"/>
    <property name="java.io.tmpdir" value="/var/folders/26/76347swj6hn7kqry6dy_m8r88rwrch/T/"/>
    <property name="java.version" value="1.8.0_31"/>
    <property name="user.dir" value="/Users/b2013/IdeaProjects/myretailapp"/>
    <property name="os.arch" value="x86_64"/>
    <property name="java.vm.specification.name" value="Java Virtual Machine Specification"/>
    <property name="java.awt.printerjob" value="sun.lwawt.macosx.CPrinterJob"/>
    <property name="sun.os.patch.level" value="unknown"/>
    <property name="java.library.path" value="/Users/b2013/Library/Java/Extensions:/Library/Java/Extensions:/Network/Library/Java/Extensions:/System/Library/Java/Extensions:/usr/lib/java:."/>
    <property name="java.vm.info" value="mixed mode"/>
    <property name="java.vendor" value="Oracle Corporation"/>
    <property name="java.vm.version" value="25.31-b07"/>
    <property name="java.ext.dirs" value="/Users/b2013/Library/Java/Extensions:/Library/Java/JavaVirtualMachines/jdk1.8.0_31.jdk/Contents/Home/jre/lib/ext:/Library/Java/Extensions:/Network/Library/Java/Extensions:/System/Library/Java/Extensions:/usr/lib/java"/>
    <property name="sun.io.unicode.encoding" value="UnicodeBig"/>
    <property name="java.class.version" value="52.0"/>
  </properties>
  <testcase name="contextLoads" classname="com.target.casestudy.myretail.api.SpringBootCassandraApplicationTests" time="0.169"/>
</testsuite>